*** Read File ***
*** Insert Masks ***
*** Point Selection ***
*** VRP Solver (Node number estimation - 60 [s]) ***
Maximum path length [km]:
[21.6, 46.8]
PyVRP v0.10.1

Solving an instance with:
    4 depots
    433 clients
    2 vehicles (2 vehicle types)

                  |       Feasible        |      Infeasible
    Iters    Time |   #      Avg     Best |   #      Avg     Best
      500     11s |   0        -        - |  33   161486   154614
H    1000     15s |  53   355577   348015 |  41   300626   287587
H    1500     18s |  58   351964   346361 |  49   367877   346052
H    2000     19s |  36   347178   343012 |  50   347501   342503
     2500     21s |  61   351167   343012 |  48   264123   255808
     3000     25s |  29   345782   343012 |  56   296279   286204
     3500     27s |  50   349946   343012 |  64   328462   321844
     4000     29s |  50   349086   343012 |  31   366189   341893
     4500     32s |  25   344719   343012 |  30   294838   287783
     5000     35s |  30   346602   343012 |  38   298967   287783
     5500     37s |  42   348862   343012 |  46   297024   287783
     6000     42s |  26   345203   343012 |  54   268071   252184
     6500     46s |  63   351292   343012 |  62   305286   289580
     7000     49s |  33   347904   343012 |  28   299222   289316
     7500     51s |  45   350172   343012 |  36   302628   289316
     8000     54s |  58   351102   343012 |  44   301881   289316
     8500     57s |  29   345577   343012 |  47   337486   331678
     9000     59s |  39   346619   343012 |  44   238499   224737

Search terminated in 60.00s after 9126 iterations.
Best-found solution has cost 343012.

Solution results
================
    # routes: 2
   # clients: 37
   objective: 343012
    distance: 228
    duration: 228
# iterations: 9126
    run-time: 60.00 seconds

*** VRP Solver (Final routes) ***
Maximum path length [km]:
[20.88, 45.3]
PyVRP v0.10.1

Solving an instance with:
    4 depots
    433 clients
    2 vehicles (2 vehicle types)

                  |       Feasible        |      Infeasible
    Iters    Time |   #      Avg     Best |   #      Avg     Best
      500     11s |   0        -        - |  33 320000175642   149606
H    1000     17s |  43   354721   343356 |  41   230215   213835
     1500     21s |  37   351672   343356 |  48   302856   285379
     2000     27s |  56   354088   343356 |  54   264694   247887
     2500     30s |  31   349068   343356 |  62   343526   325411
H    3000     33s |  34   348693   341199 |  62   265365   252178
     3500     38s |  28   347144   341199 |  29   259652   252178
     4000     43s |  57   352538   341199 |  36   262154   251926
     4500     48s |  60   351540   341199 |  42   235059   216191
     5000     53s |  27   346669   341199 |  49   266238   251241
     5500     57s |  26   345437   341199 |  53   308658   290810
     6000     60s |  43   349321   341199 |  61   305949   289830
     6500     62s |  51   348614   341199 |  26   341466   327789
H    7000     66s |  55   350334   340234 |  27   264452   257297
     7500     69s |  26   344604   340234 |  35   301774   292830
     8000     73s |  59   350927   340234 |  43   209683   196281
     8500     79s |  55   351705   340234 |  49   212338   194887
     9000     83s |  33   347068   340234 |  57   279552   262129
     9500     86s |  47   348818   340234 |  65   315550   304357
    10000     89s |  50   347264   340234 |  32   345301   335497
H   10500     90s |  57   344640   339906 |  62   337526   333617
H   11000     94s |  29   343269   339904 |  26   272533   266339
    11500     98s |  52   348926   339904 |  34   276558   266339
H   12000    100s |  31   343675   339783 |  42   313018   300594
    12500    103s |  46   345821   339783 |  50   310196   300222
    13000    106s |  26   342757   339783 |  58   207535   175118
    13500    109s |  29   343743   339783 |  25   311968   305466
    14000    111s |  34   344028   339783 |  33   314189   305466
H   14500    112s |  56   343350   338773 |  61   340670   337726
    15000    113s |  31   340954   338773 |  50   339506   337684
    15500    116s |  49   346874   338773 |  51   283218   274692
    16000    119s |  64   349022   338773 |  59   286259   274692
    16500    122s |  59   348509   338773 |  26   278247   274692
    17000    125s |  36   345911   338773 |  34   281742   274692
    17500    128s |  40   345832   338773 |  42   282104   274692
    18000    131s |  60   349970   338773 |  50   283316   274692
    18500    135s |  53   347500   338773 |  58   188232   174667
    19000    139s |  40   347211   338773 |  25   283641   276209
    19500    142s |  57   348434   338773 |  33   286381   276209
    20000    145s |  65   348415   338773 |  41   285672   276209
    20500    148s |  26   341652   338773 |  49   285833   274626
    21000    151s |  35   345698   338773 |  57   284230   274266
    21500    154s |  36   343634   338773 |  65   323739   312441
    22000    157s |  55   348011   338773 |  64   286479   273730
    22500    160s |  65   348965   338773 |  31   280256   273730
    23000    163s |  60   348333   338773 |  39   284900   273730
    23500    166s |  50   347100   338773 |  47   323167   314170
    24000    168s |  61   345623   338773 |  55   324588   314170
    24500    170s |  65   344858   338773 |  58   295541   223506
    25000    174s |  29   343583   338773 |  25   284581   279310
    25500    177s |  39   344780   338773 |  33   288031   279267
    26000    180s |  48   347143   338773 |  41   290019   279267
    26500    183s |  49   347638   338773 |  49   292742   279247
    27000    185s |  59   344057   338773 |  55   356357   338445
    27500    189s |  62   349698   338773 |  63   292400   281398
    28000    192s |  29   343640   338773 |  28   285998   281206
    28500    197s |  60   350333   338773 |  32   260319   250952
    29000    202s |  48   348422   338773 |  40   296715   285119

Search terminated in 204.31s after 29385 iterations.
Best-found solution has cost 338773.

Solution results
================
    # routes: 2
   # clients: 43
   objective: 338773
    distance: 218
    duration: 218
# iterations: 29385
    run-time: 204.31 seconds

Total WP Routes Temperr [°C]:
4.756237
Total All Routes Temperr [°C]:
40.82792

