Step12A launching 21 physical planner runs; parallel=True; workers=2; backend=process; output=results\fossum_roi_x490_step12a_single_auv_weight_duration_sensitivity_20260608_163658
[queued] C01_representative__single_auv_12h__baseline_STD
[queued] C01_representative__single_auv_12h__boundary_distance_score_r1_cells_alpha025
[queued] C01_representative__single_auv_12h__boundary_distance_score_r3_cells_alpha025
[queued] C01_representative__single_auv_12h__boundary_distance_score_r5_cells_alpha025
[queued] C01_representative__single_auv_12h__boundary_score_alpha025
[queued] C01_representative__single_auv_12h__interest_map_alpha025
[queued] C01_representative__single_auv_12h__boundary_distance_score_r1_cells_alpha050
[queued] C01_representative__single_auv_12h__boundary_distance_score_r3_cells_alpha050
[queued] C01_representative__single_auv_12h__boundary_distance_score_r5_cells_alpha050
[queued] C01_representative__single_auv_12h__boundary_score_alpha050
[queued] C01_representative__single_auv_12h__interest_map_alpha050
[queued] C01_representative__single_auv_12h__boundary_distance_score_r1_cells_alpha075
[queued] C01_representative__single_auv_12h__boundary_distance_score_r3_cells_alpha075
[queued] C01_representative__single_auv_12h__boundary_distance_score_r5_cells_alpha075
[queued] C01_representative__single_auv_12h__boundary_score_alpha075
[queued] C01_representative__single_auv_12h__interest_map_alpha075
[queued] C01_representative__single_auv_12h__boundary_distance_score_r1_cells_alpha100
[queued] C01_representative__single_auv_12h__boundary_distance_score_r3_cells_alpha100
[queued] C01_representative__single_auv_12h__boundary_distance_score_r5_cells_alpha100
[queued] C01_representative__single_auv_12h__boundary_score_alpha100
[queued] C01_representative__single_auv_12h__interest_map_alpha100
[worker-start] C01_representative__single_auv_12h__baseline_STD
[worker-start] C01_representative__single_auv_12h__boundary_distance_score_r1_cells_alpha025
[worker-done] C01_representative__single_auv_12h__baseline_STD status=SUCCESS
[worker-start] C01_representative__single_auv_12h__boundary_distance_score_r3_cells_alpha025
[finished] C01_representative__single_auv_12h__baseline_STD status=SUCCESS
[worker-done] C01_representative__single_auv_12h__boundary_distance_score_r1_cells_alpha025 status=TIMEOUT
[worker-start] C01_representative__single_auv_12h__boundary_distance_score_r5_cells_alpha025
[failed] C01_representative__single_auv_12h__boundary_distance_score_r1_cells_alpha025 status=TIMEOUT error=Timeout after 1800s
[worker-done] C01_representative__single_auv_12h__boundary_distance_score_r3_cells_alpha025 status=SUCCESS
[worker-start] C01_representative__single_auv_12h__boundary_score_alpha025
[finished] C01_representative__single_auv_12h__boundary_distance_score_r3_cells_alpha025 status=SUCCESS
[worker-done] C01_representative__single_auv_12h__boundary_distance_score_r5_cells_alpha025 status=SUCCESS
[worker-start] C01_representative__single_auv_12h__interest_map_alpha025
[finished] C01_representative__single_auv_12h__boundary_distance_score_r5_cells_alpha025 status=SUCCESS
[worker-done] C01_representative__single_auv_12h__boundary_score_alpha025 status=SUCCESS
[worker-start] C01_representative__single_auv_12h__boundary_distance_score_r1_cells_alpha050
[finished] C01_representative__single_auv_12h__boundary_score_alpha025 status=SUCCESS
[worker-done] C01_representative__single_auv_12h__interest_map_alpha025 status=SUCCESS
[worker-start] C01_representative__single_auv_12h__boundary_distance_score_r3_cells_alpha050
[finished] C01_representative__single_auv_12h__interest_map_alpha025 status=SUCCESS
[worker-done] C01_representative__single_auv_12h__boundary_distance_score_r3_cells_alpha050 status=SUCCESS
[worker-start] C01_representative__single_auv_12h__boundary_distance_score_r5_cells_alpha050
[finished] C01_representative__single_auv_12h__boundary_distance_score_r3_cells_alpha050 status=SUCCESS
[worker-done] C01_representative__single_auv_12h__boundary_distance_score_r1_cells_alpha050 status=TIMEOUT
[worker-start] C01_representative__single_auv_12h__boundary_score_alpha050
[failed] C01_representative__single_auv_12h__boundary_distance_score_r1_cells_alpha050 status=TIMEOUT error=Timeout after 1800s
[worker-done] C01_representative__single_auv_12h__boundary_distance_score_r5_cells_alpha050 status=SUCCESS
[worker-start] C01_representative__single_auv_12h__interest_map_alpha050
[finished] C01_representative__single_auv_12h__boundary_distance_score_r5_cells_alpha050 status=SUCCESS
[worker-done] C01_representative__single_auv_12h__boundary_score_alpha050 status=SUCCESS
[worker-start] C01_representative__single_auv_12h__boundary_distance_score_r1_cells_alpha075
[finished] C01_representative__single_auv_12h__boundary_score_alpha050 status=SUCCESS
[worker-done] C01_representative__single_auv_12h__boundary_distance_score_r1_cells_alpha075 status=SUCCESS
[worker-start] C01_representative__single_auv_12h__boundary_distance_score_r3_cells_alpha075
[finished] C01_representative__single_auv_12h__boundary_distance_score_r1_cells_alpha075 status=SUCCESS
[worker-done] C01_representative__single_auv_12h__interest_map_alpha050 status=SUCCESS
[worker-start] C01_representative__single_auv_12h__boundary_distance_score_r5_cells_alpha075
[finished] C01_representative__single_auv_12h__interest_map_alpha050 status=SUCCESS
[worker-done] C01_representative__single_auv_12h__boundary_distance_score_r3_cells_alpha075 status=SUCCESS
[worker-start] C01_representative__single_auv_12h__boundary_score_alpha075
[finished] C01_representative__single_auv_12h__boundary_distance_score_r3_cells_alpha075 status=SUCCESS
[worker-done] C01_representative__single_auv_12h__boundary_distance_score_r5_cells_alpha075 status=SUCCESS
[worker-start] C01_representative__single_auv_12h__interest_map_alpha075
[finished] C01_representative__single_auv_12h__boundary_distance_score_r5_cells_alpha075 status=SUCCESS
[worker-done] C01_representative__single_auv_12h__boundary_score_alpha075 status=SUCCESS
[worker-start] C01_representative__single_auv_12h__boundary_distance_score_r1_cells_alpha100
[finished] C01_representative__single_auv_12h__boundary_score_alpha075 status=SUCCESS
[worker-done] C01_representative__single_auv_12h__boundary_distance_score_r1_cells_alpha100 status=SUCCESS
[worker-start] C01_representative__single_auv_12h__boundary_distance_score_r3_cells_alpha100
[finished] C01_representative__single_auv_12h__boundary_distance_score_r1_cells_alpha100 status=SUCCESS
[worker-done] C01_representative__single_auv_12h__interest_map_alpha075 status=SUCCESS
[worker-start] C01_representative__single_auv_12h__boundary_distance_score_r5_cells_alpha100
[finished] C01_representative__single_auv_12h__interest_map_alpha075 status=SUCCESS
[worker-done] C01_representative__single_auv_12h__boundary_distance_score_r3_cells_alpha100 status=SUCCESS
[worker-start] C01_representative__single_auv_12h__boundary_score_alpha100
[finished] C01_representative__single_auv_12h__boundary_distance_score_r3_cells_alpha100 status=SUCCESS
[worker-done] C01_representative__single_auv_12h__boundary_distance_score_r5_cells_alpha100 status=SUCCESS
[worker-start] C01_representative__single_auv_12h__interest_map_alpha100
[finished] C01_representative__single_auv_12h__boundary_distance_score_r5_cells_alpha100 status=SUCCESS
[worker-done] C01_representative__single_auv_12h__interest_map_alpha100 status=SUCCESS
[finished] C01_representative__single_auv_12h__interest_map_alpha100 status=SUCCESS
[worker-done] C01_representative__single_auv_12h__boundary_score_alpha100 status=SUCCESS
[finished] C01_representative__single_auv_12h__boundary_score_alpha100 status=SUCCESS
Step12A complete: results\fossum_roi_x490_step12a_single_auv_weight_duration_sensitivity_20260608_163658
Verdict: STEP12_SENSITIVITY_COMPLETED_FINAL_WEIGHTS_RECOMMENDED
Logical rows: 25; physical runs: 21; figures: 45
