*** Read File ***
*** Insert Masks ***
*** Point Selection ***
*** VRP Solver (Node number estimation - 60 [s]) ***
Maximum path length [km]:
[21.6, 46.8]
PyVRP v0.10.1

Solving an instance with:
    4 depots
    420 clients
    2 vehicles (2 vehicle types)

                  |       Feasible        |      Infeasible
    Iters    Time |   #      Avg     Best |   #      Avg     Best
      500     10s |   0        -        - |  33 320000177445   157968
H    1000     13s |  35   298112   292308 |  32   240600   233285
     1500     17s |  56   299519   292308 |  40   237993   232650
     2000     20s |  49   297825   292308 |  48   269250   260835
H    2500     22s |  55   295426   290823 |  51   289586   285923
H    3000     25s |  40   296145   290208 |  54   268660   262833
     3500     27s |  44   293331   290208 |  55   202952   191963
     4000     31s |  55   296526   290208 |  63   272443   265870
H    4500     33s |  44   292668   289915 |  27   292489   287454
H    5000     34s |  32   291760   289909 |  62   290476   287454
H    5500     37s |  62   295908   289894 |  64   274146   265638
H    6000     39s |  35   293606   289763 |  63   245325   239763
     6500     41s |  64   292227   289763 |  30   290938   288386
H    7000     42s |  50   291686   289664 |  38   290148   288200
     7500     43s |  41   291194   289664 |  46   289740   288200
     8000     44s |  25   290607   289664 |  54   290288   288200
     8500     46s |  59   293458   289664 |  50   276703   269488
     9000     48s |  50   293527   289664 |  58   276378   269488
H    9500     49s |  32   292149   289656 |  25   272253   269488
    10000     51s |  29   291728   289656 |  33   272252   269488
H   10500     52s |  28   291350   289644 |  41   274998   269488
    11000     54s |  30   290984   289644 |  49   275487   269488
H   11500     55s |  42   291174   289425 |  57   289426   286661
    12000     57s |  61   295787   289425 |  64   251313   244347

Search terminated in 60.00s after 12392 iterations.
Best-found solution has cost 289425.

Solution results
================
    # routes: 2
   # clients: 41
   objective: 289425
    distance: 228
    duration: 228
# iterations: 12392
    run-time: 60.00 seconds

*** VRP Solver (Final routes) ***
Maximum path length [km]:
[20.82, 45.12]
PyVRP v0.10.1

Solving an instance with:
    4 depots
    420 clients
    2 vehicles (2 vehicle types)

                  |       Feasible        |      Infeasible
    Iters    Time |   #      Avg     Best |   #      Avg     Best
      500     10s |   0        -        - |  33   175705   163302
H    1000     14s |  30   301274   298382 |  41   275604   258913
H    1500     16s |  33   297983   295131 |  44   301768   286063
H    2000     17s |  43   296452   292794 |  49   295364   285589
H    2500     19s |  32   295629   292765 |  32   233119   212285
H    3000     21s |  59   296004   292383 |  40   291649   289917
H    3500     22s |  38   294321   291841 |  48   291387   289656
H    4000     25s |  43   295156   291589 |  55   294180   288585
     4500     27s |  60   297306   291589 |  61   304010   287762
H    5000     29s |  30   293346   290839 |  55   275710   269292
H    5500     32s |  41   294658   290726 |  57   222314   215971
     6000     36s |  61   296292   290726 |  65   248999   240858
H    6500     38s |  39   292876   290385 |  27   298183   290570
     7000     41s |  65   296897   290385 |  27   275688   272429
     7500     43s |  51   293588   290385 |  32   295051   289900
     8000     46s |  48   292498   290385 |  63   252760   201401
     8500     50s |  43   295057   290385 |  30   250143   247388
H    9000     53s |  26   293168   289938 |  64   257325   251671
     9500     55s |  58   295397   289938 |  48   233111   225874
    10000     59s |  62   296988   289938 |  46   263955   254005
    10500     61s |  53   296341   289938 |  54   260961   254005
H   11000     63s |  40   292967   289882 |  62   286638   282149
    11500     64s |  27   291923   289882 |  27   283476   282149
H   12000     67s |  34   292080   289850 |  27   289152   285238
    12500     68s |  51   293072   289850 |  35   287203   285238
    13000     69s |  29   291060   289850 |  41   287110   285238
    13500     70s |  50   292474   289850 |  37   287320   285238
    14000     71s |  62   292787   289850 |  37   287126   285238
    14500     72s |  47   292269   289850 |  29   286873   285238
    15000     75s |  64   292817   289850 |  31   291927   286409
    15500     76s |  54   292875   289850 |  63   288457   286409
    16000     77s |  56   292087   289850 |  53   288209   286409
    16500     80s |  48   294178   289850 |  47   269480   264875
    17000     82s |  35   292706   289850 |  38   301796   288079
    17500     86s |  63   295201   289850 |  40   274389   267789
    18000     87s |  46   291673   289850 |  39   291128   288979
    18500     89s |  60   296117   289850 |  46   250349   241671
    19000     90s |  53   292287   289850 |  37   243864   200744
    19500     94s |  55   295203   289850 |  45   279293   274366
    20000     96s |  49   295478   289850 |  37   252244   245645
    20500     99s |  25   291499   289850 |  40   285649   278455
    21000    102s |  46   293477   289850 |  42   286658   281061
    21500    106s |  26   291654   289850 |  42   232347   227253
    22000    109s |  43   295243   289850 |  44   294094   285415
H   22500    111s |  62   294427   289231 |  34   198089   187090
    23000    114s |  39   293256   289231 |  42   269115   262720
    23500    116s |  39   293852   289231 |  50   268857   262720
    24000    118s |  55   294136   289231 |  58   270708   262720
    24500    120s |  29   290631   289231 |  64   295995   287608
    25000    123s |  59   295464   289231 |  28   267317   262882
H   25500    124s |  57   291439   289159 |  54   288913   287618
H   26000    125s |  47   291271   289123 |  58   288569   287618
    26500    128s |  56   295768   289123 |  58   273762   268460
    27000    130s |  54   294954   289123 |  25   270844   268460
    27500    131s |  64   294488   289123 |  33   272581   268460
H   28000    133s |  41   291973   289109 |  35   273963   269785
    28500    136s |  37   290736   289109 |  27   211024   200008
    29000    139s |  50   292322   289109 |  28   212529   200111
H   29500    142s |  46   295089   289098 |  59   230769   223700
    30000    145s |  59   294468   289098 |  59   261324   252327
    30500    147s |  54   293576   289098 |  44   197154   186445
    31000    151s |  55   294912   289098 |  52   264946   257980
    31500    152s |  52   291739   289098 |  44   286530   284580
    32000    153s |  31   290383   289098 |  34   264239   196927
    32500    158s |  53   294564   289098 |  42   271112   264907
    33000    160s |  36   291695   289098 |  50   268600   264907
    33500    163s |  63   293212   289098 |  52   217796   211605
    34000    166s |  52   293712   289098 |  60   269942   263092
    34500    168s |  53   295553   289098 |  49   248600   238996
    35000    171s |  60   294382   289098 |  57   273693   268337
    35500    176s |  61   297483   289098 |  55   220407   215224
    36000    178s |  49   290923   289098 |  49   290564   288023
    36500    179s |  28   290536   289098 |  49   226586   198511
    37000    183s |  27   290554   289098 |  57   278741   272935
    37500    185s |  59   291379   289098 |  54   256886   200211
    38000    189s |  62   296135   289098 |  62   251696   244628
    38500    191s |  59   296145   289098 |  60   257274   249902
    39000    194s |  44   295479   289098 |  27   251677   249048
    39500    197s |  33   292724   289098 |  35   252459   249048
    40000    200s |  53   292689   289098 |  35   252040   202034
    40500    203s |  51   292303   289098 |  34   214675   205178
    41000    208s |  52   296312   289098 |  42   230391   225903
    41500    210s |  54   293429   289098 |  50   284614   281402
    42000    213s |  44   291911   289098 |  42   287946   284213
    42500    214s |  40   291149   289098 |  42   286718   284199
    43000    216s |  46   293125   289098 |  58   267893   258585
    43500    219s |  49   294116   289098 |  48   265897   259171
    44000    220s |  52   292335   289098 |  40   287989   285585

Search terminated in 222.70s after 44385 iterations.
Best-found solution has cost 289098.

Solution results
================
    # routes: 2
   # clients: 43
   objective: 289098
    distance: 218
    duration: 218
# iterations: 44385
    run-time: 222.70 seconds

Total WP Routes Temperr [°C]:
4.138846672828877
Total All Routes Temperr [°C]:
39.947373689748346

